<?xml version="1.0" encoding="UTF-8"?>
<testng-results ignored="0" total="1" passed="1" failed="0" skipped="0">
  <reporter-output>
  </reporter-output>
  <suite started-at="2020-01-23T23:00:46 IST" name="Surefire suite" finished-at="2020-01-23T23:00:46 IST" duration-ms="12">
    <groups>
    </groups>
    <test started-at="2020-01-23T23:00:46 IST" name="Surefire test" finished-at="2020-01-23T23:00:46 IST" duration-ms="12">
      <class name="com.test.com.test.AppTest">
        <test-method signature="testApp()[pri:0, instance:testApp(com.test.com.test.AppTest)]" started-at="2020-01-23T23:00:46 IST" name="testApp" finished-at="2020-01-23T23:00:46 IST" duration-ms="0" status="PASS">
          <reporter-output>
          </reporter-output>
        </test-method> <!-- testApp -->
      </class> <!-- com.test.com.test.AppTest -->
    </test> <!-- Surefire test -->
  </suite> <!-- Surefire suite -->
</testng-results>
