<?xml version="1.0" encoding="UTF-8"?>
<!-- Generated by org.testng.reporters.JUnitXMLReporter -->
<testsuite ignored="0" hostname="LAPTOP-PS4Q2Q8U" failures="0" tests="4" name="Surefire test" time="0.085" errors="0" timestamp="2020-01-23T23:00:46 IST">
  <testcase classname="com.test.com.test.Testngdemo" name="setup" time="0.005"/>
  <testcase classname="com.test.com.test.Testngdemo" name="setup1" time="0.001"/>
  <testcase classname="com.test.com.test.Testngdemo2" name="mobileloan" time="0.001"/>
  <testcase classname="com.test.com.test.Testngdemo2" name="personalloan" time="0.0"/>
</testsuite> <!-- Surefire test -->
