<?xml version="1.0" encoding="UTF-8"?>
<testng-results ignored="0" total="4" passed="4" failed="0" skipped="0">
  <reporter-output>
  </reporter-output>
  <suite started-at="2020-01-23T23:00:46 IST" name="Surefire suite" finished-at="2020-01-23T23:00:46 IST" duration-ms="85">
    <groups>
      <group name="smoke test">
        <method signature="Testngdemo2.personalloan()[pri:0, instance:com.test.com.test.Testngdemo2@704921a5]" name="personalloan" class="com.test.com.test.Testngdemo2"/>
      </group> <!-- smoke test -->
      <group name="sanity test">
        <method signature="Testngdemo.setup()[pri:0, instance:com.test.com.test.Testngdemo@727803de]" name="setup" class="com.test.com.test.Testngdemo"/>
        <method signature="Testngdemo.setup1()[pri:0, instance:com.test.com.test.Testngdemo@727803de]" name="setup1" class="com.test.com.test.Testngdemo"/>
        <method signature="Testngdemo2.mobileloan()[pri:0, instance:com.test.com.test.Testngdemo2@704921a5]" name="mobileloan" class="com.test.com.test.Testngdemo2"/>
      </group> <!-- sanity test -->
    </groups>
    <test started-at="2020-01-23T23:00:46 IST" name="Surefire test" finished-at="2020-01-23T23:00:46 IST" duration-ms="85">
      <class name="com.test.com.test.Testngdemo">
        <test-method is-config="true" signature="first()[pri:0, instance:com.test.com.test.Testngdemo@727803de]" started-at="2020-01-23T23:00:46 IST" name="first" finished-at="2020-01-23T23:00:46 IST" duration-ms="21" status="PASS">
          <reporter-output>
          </reporter-output>
        </test-method> <!-- first -->
        <test-method signature="setup()[pri:0, instance:com.test.com.test.Testngdemo@727803de]" started-at="2020-01-23T23:00:46 IST" name="setup" finished-at="2020-01-23T23:00:46 IST" duration-ms="5" status="PASS">
          <reporter-output>
          </reporter-output>
        </test-method> <!-- setup -->
        <test-method signature="setup1()[pri:0, instance:com.test.com.test.Testngdemo@727803de]" started-at="2020-01-23T23:00:46 IST" name="setup1" finished-at="2020-01-23T23:00:46 IST" duration-ms="1" status="PASS">
          <reporter-output>
          </reporter-output>
        </test-method> <!-- setup1 -->
        <test-method is-config="true" signature="second()[pri:0, instance:com.test.com.test.Testngdemo@727803de]" started-at="2020-01-23T23:00:46 IST" name="second" finished-at="2020-01-23T23:00:46 IST" duration-ms="0" status="PASS">
          <reporter-output>
          </reporter-output>
        </test-method> <!-- second -->
      </class> <!-- com.test.com.test.Testngdemo -->
      <class name="com.test.com.test.Testngdemo2">
        <test-method is-config="true" signature="homeloan()[pri:0, instance:com.test.com.test.Testngdemo2@704921a5]" started-at="2020-01-23T23:00:46 IST" name="homeloan" finished-at="2020-01-23T23:00:46 IST" duration-ms="1" status="PASS">
          <reporter-output>
          </reporter-output>
        </test-method> <!-- homeloan -->
        <test-method signature="mobileloan()[pri:0, instance:com.test.com.test.Testngdemo2@704921a5]" started-at="2020-01-23T23:00:46 IST" name="mobileloan" finished-at="2020-01-23T23:00:46 IST" duration-ms="1" status="PASS">
          <reporter-output>
          </reporter-output>
        </test-method> <!-- mobileloan -->
        <test-method signature="personalloan()[pri:0, instance:com.test.com.test.Testngdemo2@704921a5]" started-at="2020-01-23T23:00:46 IST" name="personalloan" finished-at="2020-01-23T23:00:46 IST" duration-ms="0" status="PASS">
          <reporter-output>
          </reporter-output>
        </test-method> <!-- personalloan -->
        <test-method is-config="true" signature="vehicleloan()[pri:0, instance:com.test.com.test.Testngdemo2@704921a5]" started-at="2020-01-23T23:00:46 IST" name="vehicleloan" finished-at="2020-01-23T23:00:46 IST" duration-ms="1" status="PASS">
          <reporter-output>
          </reporter-output>
        </test-method> <!-- vehicleloan -->
      </class> <!-- com.test.com.test.Testngdemo2 -->
    </test> <!-- Surefire test -->
  </suite> <!-- Surefire suite -->
</testng-results>
