<?xml version="1.0" encoding="UTF-8"?>
<!-- Generated by org.testng.reporters.JUnitXMLReporter -->
<testsuite ignored="2" hostname="LAPTOP-PS4Q2Q8U" failures="0" tests="1" name="Test(failed)" time="0.142" errors="0" timestamp="2020-01-23T22:35:55 IST">
  <testcase classname="com.test.com.test.Testngdemo" name="setup" time="0.016"/>
  <testcase classname="com.test.com.test.Testngdemo" name="setup3" time="0.0">
    <ignored/>
  </testcase> <!-- setup3 -->
  <testcase classname="com.test.com.test.Testngdemo" name="setup1" time="0.0">
    <ignored/>
  </testcase> <!-- setup1 -->
</testsuite> <!-- Test(failed) -->
