<?xml version="1.0" encoding="UTF-8"?>
<testng-results ignored="2" total="3" passed="1" failed="0" skipped="0">
  <reporter-output>
  </reporter-output>
  <suite started-at="2020-01-23T22:35:55 IST" name="Failed suite [Suite]" finished-at="2020-01-23T22:35:55 IST" duration-ms="142">
    <groups>
    </groups>
    <test started-at="2020-01-23T22:35:55 IST" name="Test(failed)" finished-at="2020-01-23T22:35:55 IST" duration-ms="142">
      <class name="com.test.com.test.Testngdemo">
        <test-method signature="setup()[pri:0, instance:com.test.com.test.Testngdemo@4f638935]" started-at="2020-01-23T22:35:55 IST" name="setup" finished-at="2020-01-23T22:35:55 IST" duration-ms="16" status="PASS">
          <reporter-output>
          </reporter-output>
        </test-method> <!-- setup -->
      </class> <!-- com.test.com.test.Testngdemo -->
    </test> <!-- Test(failed) -->
  </suite> <!-- Failed suite [Suite] -->
</testng-results>
